<?xml version="1.0" encoding="UTF-8"?>
<!-- Generated by org.testng.reporters.JUnitReportReporter -->
<testsuite skipped="0" hostname="DESKTOP-QV0QQHN" name="zoopla.uk.my.runner.Tese1" tests="1" failures="0" timestamp="13 Nov 2020 05:40:56 GMT" time="0.009" errors="0">
  <testcase name="testone" time="0.009" classname="zoopla.uk.my.runner.Tese1"/>
</testsuite> <!-- zoopla.uk.my.runner.Tese1 -->
