<?xml version="1.0" encoding="UTF-8"?>
<!-- Generated by org.testng.reporters.JUnitReportReporter -->
<testsuite skipped="0" hostname="DESKTOP-QV0QQHN" name="zoopla.uk.my.runner.Test3" tests="1" failures="0" timestamp="13 Nov 2020 05:43:17 GMT" time="0.009" errors="0">
  <testcase name="testThree" time="0.009" classname="zoopla.uk.my.runner.Test3"/>
</testsuite> <!-- zoopla.uk.my.runner.Test3 -->
