<?xml version="1.0" encoding="UTF-8"?>
<!-- Generated by org.testng.reporters.JUnitReportReporter -->
<testsuite skipped="0" hostname="DESKTOP-QV0QQHN" name="zoopla.uk.my.runner.OutlineRunner" tests="2" failures="0" timestamp="22 Dec 2020 04:45:16 GMT" time="30.759" errors="0">
  <testcase name="feature" time="17.385" classname="zoopla.uk.my.runner.OutlineRunner"/>
  <testcase name="feature" time="13.374" classname="zoopla.uk.my.runner.OutlineRunner"/>
</testsuite> <!-- zoopla.uk.my.runner.OutlineRunner -->
