<?xml version="1.0" encoding="UTF-8"?>
<!-- Generated by org.testng.reporters.JUnitReportReporter -->
<testsuite skipped="0" hostname="DESKTOP-QV0QQHN" name="zoopla.uk.stefdefination.TestngAdvanceAnnotation" tests="5" failures="0" timestamp="13 Nov 2020 03:48:00 GMT" time="0.014" errors="0">
  <testcase name="getsalary1" time="0.001" classname="zoopla.uk.stefdefination.TestngAdvanceAnnotation"/>
  <testcase name="getsalary1" time="0.001" classname="zoopla.uk.stefdefination.TestngAdvanceAnnotation"/>
  <testcase name="getsalary1" time="0.011" classname="zoopla.uk.stefdefination.TestngAdvanceAnnotation"/>
  <testcase name="getsalary1" time="0.000" classname="zoopla.uk.stefdefination.TestngAdvanceAnnotation"/>
  <testcase name="getsalary1" time="0.001" classname="zoopla.uk.stefdefination.TestngAdvanceAnnotation"/>
</testsuite> <!-- zoopla.uk.stefdefination.TestngAdvanceAnnotation -->
