<?xml version="1.0" encoding="UTF-8"?>
<!-- Generated by org.testng.reporters.JUnitReportReporter -->
<testsuite skipped="0" hostname="DESKTOP-QV0QQHN" name="zoopla.uk.stefdefination.TestNGClass" tests="2" failures="0" timestamp="13 Nov 2020 03:26:40 GMT" time="0.006" errors="0">
  <testcase name="getsalary2" time="0.005" classname="zoopla.uk.stefdefination.TestNGClass"/>
  <testcase name="getsalary4" time="0.001" classname="zoopla.uk.stefdefination.TestNGClass"/>
</testsuite> <!-- zoopla.uk.stefdefination.TestNGClass -->
