<?xml version="1.0" encoding="UTF-8"?>
<!-- Generated by org.testng.reporters.JUnitReportReporter -->
<testsuite skipped="0" hostname="DESKTOP-QV0QQHN" name="zoopla.uk.my.runner.OutlineRunner" tests="2" failures="0" timestamp="23 Dec 2020 15:30:59 GMT" time="26.213" errors="0">
  <testcase name="feature" time="16.447" classname="zoopla.uk.my.runner.OutlineRunner"/>
  <testcase name="feature" time="9.766" classname="zoopla.uk.my.runner.OutlineRunner"/>
</testsuite> <!-- zoopla.uk.my.runner.OutlineRunner -->
